# JRE version: Java(TM) SE Runtime Environment (8.0_162-b12) (build 1.8.0_162-b12)
# Java VM: Java HotSpot(TM) 64-Bit Server VM (25.162-b12 mixed mode linux-amd64 compressed oops)
Heap:
 PSYoungGen      total 74752K, used 60241K [0x000000076cb80000, 0x0000000775d80000, 0x00000007c0000000)
  eden space 64512K, 93% used [0x000000076cb80000,0x00000007706544e8,0x0000000770a80000)
  from space 10240K, 0% used [0x0000000771480000,0x0000000771480000,0x0000000771e80000)
  to   space 10240K, 0% used [0x0000000770a80000,0x0000000770a80000,0x0000000771480000)
 ParOldGen       total 114176K, used 10570K [0x00000006c6200000, 0x00000006cd180000, 0x000000076cb80000)
  object space 114176K, 9% used [0x00000006c6200000,0x00000006c6c52b78,0x00000006cd180000)
 Metaspace       used 25382K, capacity 25642K, committed 25984K, reserved 1073152K
  class space    used 3086K, capacity 3199K, committed 3200K, reserved 1048576K
GC Heap History (6 events):
Event: 0,638 GC heap before
{Heap before GC invocations=1 (full 0):
 PSYoungGen      total 74752K, used 64512K [0x000000076cb80000, 0x0000000771e80000, 0x00000007c0000000)
  eden space 64512K, 100% used [0x000000076cb80000,0x0000000770a80000,0x0000000770a80000)
  from space 10240K, 0% used [0x0000000771480000,0x0000000771480000,0x0000000771e80000)
  to   space 10240K, 0% used [0x0000000770a80000,0x0000000770a80000,0x0000000771480000)
 ParOldGen       total 171008K, used 0K [0x00000006c6200000, 0x00000006d0900000, 0x000000076cb80000)
  object space 171008K, 0% used [0x00000006c6200000,0x00000006c6200000,0x00000006d0900000)
 Metaspace       used 13650K, capacity 13838K, committed 14080K, reserved 1060864K
  class space    used 1582K, capacity 1671K, committed 1792K, reserved 1048576K
Event: 0,644 GC heap after
Heap after GC invocations=1 (full 0):
 PSYoungGen      total 74752K, used 8690K [0x000000076cb80000, 0x0000000771e80000, 0x00000007c0000000)
  eden space 64512K, 0% used [0x000000076cb80000,0x000000076cb80000,0x0000000770a80000)
  from space 10240K, 84% used [0x0000000770a80000,0x00000007712fc8a8,0x0000000771480000)
  to   space 10240K, 0% used [0x0000000771480000,0x0000000771480000,0x0000000771e80000)
 ParOldGen       total 171008K, used 16K [0x00000006c6200000, 0x00000006d0900000, 0x000000076cb80000)
  object space 171008K, 0% used [0x00000006c6200000,0x00000006c6204000,0x00000006d0900000)
 Metaspace       used 13650K, capacity 13838K, committed 14080K, reserved 1060864K
  class space    used 1582K, capacity 1671K, committed 1792K, reserved 1048576K
}
Event: 1,001 GC heap before
{Heap before GC invocations=2 (full 0):
 PSYoungGen      total 74752K, used 56693K [0x000000076cb80000, 0x0000000771e80000, 0x00000007c0000000)
  eden space 64512K, 74% used [0x000000076cb80000,0x000000076fa60db0,0x0000000770a80000)
  from space 10240K, 84% used [0x0000000770a80000,0x00000007712fc8a8,0x0000000771480000)
  to   space 10240K, 0% used [0x0000000771480000,0x0000000771480000,0x0000000771e80000)
 ParOldGen       total 171008K, used 16K [0x00000006c6200000, 0x00000006d0900000, 0x000000076cb80000)
  object space 171008K, 0% used [0x00000006c6200000,0x00000006c6204000,0x00000006d0900000)
 Metaspace       used 20767K, capacity 21008K, committed 21296K, reserved 1069056K
  class space    used 2519K, capacity 2642K, committed 2688K, reserved 1048576K
Event: 1,008 GC heap after
Heap after GC invocations=2 (full 0):
 PSYoungGen      total 74752K, used 10228K [0x000000076cb80000, 0x0000000775d80000, 0x00000007c0000000)
  eden space 64512K, 0% used [0x000000076cb80000,0x000000076cb80000,0x0000000770a80000)
  from space 10240K, 99% used [0x0000000771480000,0x0000000771e7d200,0x0000000771e80000)
  to   space 10240K, 0% used [0x0000000770a80000,0x0000000770a80000,0x0000000771480000)
 ParOldGen       total 171008K, used 732K [0x00000006c6200000, 0x00000006d0900000, 0x000000076cb80000)
  object space 171008K, 0% used [0x00000006c6200000,0x00000006c62b7250,0x00000006d0900000)
 Metaspace       used 20767K, capacity 21008K, committed 21296K, reserved 1069056K
  class space    used 2519K, capacity 2642K, committed 2688K, reserved 1048576K
}
Event: 1,008 GC heap before
{Heap before GC invocations=3 (full 1):
 PSYoungGen      total 74752K, used 10228K [0x000000076cb80000, 0x0000000775d80000, 0x00000007c0000000)
  eden space 64512K, 0% used [0x000000076cb80000,0x000000076cb80000,0x0000000770a80000)
  from space 10240K, 99% used [0x0000000771480000,0x0000000771e7d200,0x0000000771e80000)
  to   space 10240K, 0% used [0x0000000770a80000,0x0000000770a80000,0x0000000771480000)
 ParOldGen       total 171008K, used 732K [0x00000006c6200000, 0x00000006d0900000, 0x000000076cb80000)
  object space 171008K, 0% used [0x00000006c6200000,0x00000006c62b7250,0x00000006d0900000)
 Metaspace       used 20767K, capacity 21008K, committed 21296K, reserved 1069056K
  class space    used 2519K, capacity 2642K, committed 2688K, reserved 1048576K
Event: 1,029 GC heap after
Heap after GC invocations=3 (full 1):
 PSYoungGen      total 74752K, used 0K [0x000000076cb80000, 0x0000000775d80000, 0x00000007c0000000)
  eden space 64512K, 0% used [0x000000076cb80000,0x000000076cb80000,0x0000000770a80000)
  from space 10240K, 0% used [0x0000000771480000,0x0000000771480000,0x0000000771e80000)
  to   space 10240K, 0% used [0x0000000770a80000,0x0000000770a80000,0x0000000771480000)
 ParOldGen       total 114176K, used 10570K [0x00000006c6200000, 0x00000006cd180000, 0x000000076cb80000)
  object space 114176K, 9% used [0x00000006c6200000,0x00000006c6c52b78,0x00000006cd180000)
 Metaspace       used 20767K, capacity 21008K, committed 21296K, reserved 1069056K
  class space    used 2519K, capacity 2642K, committed 2688K, reserved 1048576K
}

