# JRE version: Java(TM) SE Runtime Environment (8.0_162-b12) (build 1.8.0_162-b12)
# Java VM: Java HotSpot(TM) 64-Bit Server VM (25.162-b12 mixed mode linux-amd64 compressed oops)
Heap:
 PSYoungGen      total 92672K, used 36851K [0x000000076cb80000, 0x0000000773400000, 0x00000007c0000000)
  eden space 83456K, 33% used [0x000000076cb80000,0x000000076e699e88,0x0000000771d00000)
  from space 9216K, 98% used [0x0000000772b00000,0x00000007733e2f58,0x0000000773400000)
  to   space 10240K, 0% used [0x0000000772000000,0x0000000772000000,0x0000000772a00000)
 ParOldGen       total 110592K, used 9709K [0x00000006c6200000, 0x00000006cce00000, 0x000000076cb80000)
  object space 110592K, 8% used [0x00000006c6200000,0x00000006c6b7b4d0,0x00000006cce00000)
 Metaspace       used 27632K, capacity 27870K, committed 28416K, reserved 1075200K
  class space    used 3348K, capacity 3461K, committed 3584K, reserved 1048576K
GC Heap History (10 events):
Event: 0,675 GC heap before
{Heap before GC invocations=1 (full 0):
 PSYoungGen      total 74752K, used 64512K [0x000000076cb80000, 0x0000000771e80000, 0x00000007c0000000)
  eden space 64512K, 100% used [0x000000076cb80000,0x0000000770a80000,0x0000000770a80000)
  from space 10240K, 0% used [0x0000000771480000,0x0000000771480000,0x0000000771e80000)
  to   space 10240K, 0% used [0x0000000770a80000,0x0000000770a80000,0x0000000771480000)
 ParOldGen       total 171008K, used 0K [0x00000006c6200000, 0x00000006d0900000, 0x000000076cb80000)
  object space 171008K, 0% used [0x00000006c6200000,0x00000006c6200000,0x00000006d0900000)
 Metaspace       used 14454K, capacity 14686K, committed 14976K, reserved 1062912K
  class space    used 1705K, capacity 1799K, committed 1920K, reserved 1048576K
Event: 0,682 GC heap after
Heap after GC invocations=1 (full 0):
 PSYoungGen      total 74752K, used 9964K [0x000000076cb80000, 0x0000000771e80000, 0x00000007c0000000)
  eden space 64512K, 0% used [0x000000076cb80000,0x000000076cb80000,0x0000000770a80000)
  from space 10240K, 97% used [0x0000000770a80000,0x000000077143b230,0x0000000771480000)
  to   space 10240K, 0% used [0x0000000771480000,0x0000000771480000,0x0000000771e80000)
 ParOldGen       total 171008K, used 16K [0x00000006c6200000, 0x00000006d0900000, 0x000000076cb80000)
  object space 171008K, 0% used [0x00000006c6200000,0x00000006c6204000,0x00000006d0900000)
 Metaspace       used 14454K, capacity 14686K, committed 14976K, reserved 1062912K
  class space    used 1705K, capacity 1799K, committed 1920K, reserved 1048576K
}
Event: 1,006 GC heap before
{Heap before GC invocations=2 (full 0):
 PSYoungGen      total 74752K, used 50021K [0x000000076cb80000, 0x0000000771e80000, 0x00000007c0000000)
  eden space 64512K, 62% used [0x000000076cb80000,0x000000076f29e3e8,0x0000000770a80000)
  from space 10240K, 97% used [0x0000000770a80000,0x000000077143b230,0x0000000771480000)
  to   space 10240K, 0% used [0x0000000771480000,0x0000000771480000,0x0000000771e80000)
 ParOldGen       total 171008K, used 16K [0x00000006c6200000, 0x00000006d0900000, 0x000000076cb80000)
  object space 171008K, 0% used [0x00000006c6200000,0x00000006c6204000,0x00000006d0900000)
 Metaspace       used 20770K, capacity 21024K, committed 21296K, reserved 1069056K
  class space    used 2519K, capacity 2642K, committed 2688K, reserved 1048576K
Event: 1,016 GC heap after
Heap after GC invocations=2 (full 0):
 PSYoungGen      total 74752K, used 9734K [0x000000076cb80000, 0x0000000775d80000, 0x00000007c0000000)
  eden space 64512K, 0% used [0x000000076cb80000,0x000000076cb80000,0x0000000770a80000)
  from space 10240K, 95% used [0x0000000771480000,0x0000000771e01ad0,0x0000000771e80000)
  to   space 10240K, 0% used [0x0000000770a80000,0x0000000770a80000,0x0000000771480000)
 ParOldGen       total 171008K, used 88K [0x00000006c6200000, 0x00000006d0900000, 0x000000076cb80000)
  object space 171008K, 0% used [0x00000006c6200000,0x00000006c6216010,0x00000006d0900000)
 Metaspace       used 20770K, capacity 21024K, committed 21296K, reserved 1069056K
  class space    used 2519K, capacity 2642K, committed 2688K, reserved 1048576K
}
Event: 1,016 GC heap before
{Heap before GC invocations=3 (full 1):
 PSYoungGen      total 74752K, used 9734K [0x000000076cb80000, 0x0000000775d80000, 0x00000007c0000000)
  eden space 64512K, 0% used [0x000000076cb80000,0x000000076cb80000,0x0000000770a80000)
  from space 10240K, 95% used [0x0000000771480000,0x0000000771e01ad0,0x0000000771e80000)
  to   space 10240K, 0% used [0x0000000770a80000,0x0000000770a80000,0x0000000771480000)
 ParOldGen       total 171008K, used 88K [0x00000006c6200000, 0x00000006d0900000, 0x000000076cb80000)
  object space 171008K, 0% used [0x00000006c6200000,0x00000006c6216010,0x00000006d0900000)
 Metaspace       used 20770K, capacity 21024K, committed 21296K, reserved 1069056K
  class space    used 2519K, capacity 2642K, committed 2688K, reserved 1048576K
Event: 1,041 GC heap after
Heap after GC invocations=3 (full 1):
 PSYoungGen      total 74752K, used 0K [0x000000076cb80000, 0x0000000775d80000, 0x00000007c0000000)
  eden space 64512K, 0% used [0x000000076cb80000,0x000000076cb80000,0x0000000770a80000)
  from space 10240K, 0% used [0x0000000771480000,0x0000000771480000,0x0000000771e80000)
  to   space 10240K, 0% used [0x0000000770a80000,0x0000000770a80000,0x0000000771480000)
 ParOldGen       total 110592K, used 9565K [0x00000006c6200000, 0x00000006cce00000, 0x000000076cb80000)
  object space 110592K, 8% used [0x00000006c6200000,0x00000006c6b574c0,0x00000006cce00000)
 Metaspace       used 20770K, capacity 21024K, committed 21296K, reserved 1069056K
  class space    used 2519K, capacity 2642K, committed 2688K, reserved 1048576K
}
Event: 6,442 GC heap before
{Heap before GC invocations=4 (full 1):
 PSYoungGen      total 74752K, used 64512K [0x000000076cb80000, 0x0000000775d80000, 0x00000007c0000000)
  eden space 64512K, 100% used [0x000000076cb80000,0x0000000770a80000,0x0000000770a80000)
  from space 10240K, 0% used [0x0000000771480000,0x0000000771480000,0x0000000771e80000)
  to   space 10240K, 0% used [0x0000000770a80000,0x0000000770a80000,0x0000000771480000)
 ParOldGen       total 110592K, used 9565K [0x00000006c6200000, 0x00000006cce00000, 0x000000076cb80000)
  object space 110592K, 8% used [0x00000006c6200000,0x00000006c6b574c0,0x00000006cce00000)
 Metaspace       used 25690K, capacity 25984K, committed 26368K, reserved 1073152K
  class space    used 3137K, capacity 3264K, committed 3328K, reserved 1048576K
Event: 6,450 GC heap after
Heap after GC invocations=4 (full 1):
 PSYoungGen      total 74752K, used 8889K [0x000000076cb80000, 0x0000000773500000, 0x00000007c0000000)
  eden space 64512K, 0% used [0x000000076cb80000,0x000000076cb80000,0x0000000770a80000)
  from space 10240K, 86% used [0x0000000770a80000,0x000000077132e638,0x0000000771480000)
  to   space 10240K, 0% used [0x0000000772b00000,0x0000000772b00000,0x0000000773500000)
 ParOldGen       total 110592K, used 9573K [0x00000006c6200000, 0x00000006cce00000, 0x000000076cb80000)
  object space 110592K, 8% used [0x00000006c6200000,0x00000006c6b594c0,0x00000006cce00000)
 Metaspace       used 25690K, capacity 25984K, committed 26368K, reserved 1073152K
  class space    used 3137K, capacity 3264K, committed 3328K, reserved 1048576K
}
Event: 21,069 GC heap before
{Heap before GC invocations=5 (full 1):
 PSYoungGen      total 74752K, used 73401K [0x000000076cb80000, 0x0000000773500000, 0x00000007c0000000)
  eden space 64512K, 100% used [0x000000076cb80000,0x0000000770a80000,0x0000000770a80000)
  from space 10240K, 86% used [0x0000000770a80000,0x000000077132e638,0x0000000771480000)
  to   space 10240K, 0% used [0x0000000772b00000,0x0000000772b00000,0x0000000773500000)
 ParOldGen       total 110592K, used 9573K [0x00000006c6200000, 0x00000006cce00000, 0x000000076cb80000)
  object space 110592K, 8% used [0x00000006c6200000,0x00000006c6b594c0,0x00000006cce00000)
 Metaspace       used 27593K, capacity 27870K, committed 28416K, reserved 1075200K
  class space    used 3348K, capacity 3461K, committed 3584K, reserved 1048576K
Event: 21,079 GC heap after
Heap after GC invocations=5 (full 1):
 PSYoungGen      total 92672K, used 9099K [0x000000076cb80000, 0x0000000773400000, 0x00000007c0000000)
  eden space 83456K, 0% used [0x000000076cb80000,0x000000076cb80000,0x0000000771d00000)
  from space 9216K, 98% used [0x0000000772b00000,0x00000007733e2f58,0x0000000773400000)
  to   space 10240K, 0% used [0x0000000772000000,0x0000000772000000,0x0000000772a00000)
 ParOldGen       total 110592K, used 9709K [0x00000006c6200000, 0x00000006cce00000, 0x000000076cb80000)
  object space 110592K, 8% used [0x00000006c6200000,0x00000006c6b7b4d0,0x00000006cce00000)
 Metaspace       used 27593K, capacity 27870K, committed 28416K, reserved 1075200K
  class space    used 3348K, capacity 3461K, committed 3584K, reserved 1048576K
}

