# JRE version: Java(TM) SE Runtime Environment (8.0_162-b12) (build 1.8.0_162-b12)
# Java VM: Java HotSpot(TM) 64-Bit Server VM (25.162-b12 mixed mode linux-amd64 compressed oops)
Heap:
 PSYoungGen      total 74752K, used 46803K [0x000000076cb80000, 0x0000000771e80000, 0x00000007c0000000)
  eden space 64512K, 59% used [0x000000076cb80000,0x000000076f0b3a10,0x0000000770a80000)
  from space 10240K, 85% used [0x0000000771480000,0x0000000771d01348,0x0000000771e80000)
  to   space 10240K, 0% used [0x0000000770a80000,0x0000000770a80000,0x0000000771480000)
 ParOldGen       total 171008K, used 160K [0x00000006c6200000, 0x00000006d0900000, 0x000000076cb80000)
  object space 171008K, 0% used [0x00000006c6200000,0x00000006c6228010,0x00000006d0900000)
 Metaspace       used 16226K, capacity 16484K, committed 16640K, reserved 1064960K
  class space    used 1901K, capacity 2008K, committed 2048K, reserved 1048576K
GC Heap History (4 events):
Event: 221,672 GC heap before
{Heap before GC invocations=1 (full 0):
 PSYoungGen      total 74752K, used 64512K [0x000000076cb80000, 0x0000000771e80000, 0x00000007c0000000)
  eden space 64512K, 100% used [0x000000076cb80000,0x0000000770a80000,0x0000000770a80000)
  from space 10240K, 0% used [0x0000000771480000,0x0000000771480000,0x0000000771e80000)
  to   space 10240K, 0% used [0x0000000770a80000,0x0000000770a80000,0x0000000771480000)
 ParOldGen       total 171008K, used 0K [0x00000006c6200000, 0x00000006d0900000, 0x000000076cb80000)
  object space 171008K, 0% used [0x00000006c6200000,0x00000006c6200000,0x00000006d0900000)
 Metaspace       used 14014K, capacity 14296K, committed 14592K, reserved 1062912K
  class space    used 1673K, capacity 1776K, committed 1792K, reserved 1048576K
Event: 221,679 GC heap after
Heap after GC invocations=1 (full 0):
 PSYoungGen      total 74752K, used 9764K [0x000000076cb80000, 0x0000000771e80000, 0x00000007c0000000)
  eden space 64512K, 0% used [0x000000076cb80000,0x000000076cb80000,0x0000000770a80000)
  from space 10240K, 95% used [0x0000000770a80000,0x0000000771409078,0x0000000771480000)
  to   space 10240K, 0% used [0x0000000771480000,0x0000000771480000,0x0000000771e80000)
 ParOldGen       total 171008K, used 24K [0x00000006c6200000, 0x00000006d0900000, 0x000000076cb80000)
  object space 171008K, 0% used [0x00000006c6200000,0x00000006c6206000,0x00000006d0900000)
 Metaspace       used 14014K, capacity 14296K, committed 14592K, reserved 1062912K
  class space    used 1673K, capacity 1776K, committed 1792K, reserved 1048576K
}
Event: 522,489 GC heap before
{Heap before GC invocations=2 (full 0):
 PSYoungGen      total 74752K, used 74276K [0x000000076cb80000, 0x0000000771e80000, 0x00000007c0000000)
  eden space 64512K, 100% used [0x000000076cb80000,0x0000000770a80000,0x0000000770a80000)
  from space 10240K, 95% used [0x0000000770a80000,0x0000000771409078,0x0000000771480000)
  to   space 10240K, 0% used [0x0000000771480000,0x0000000771480000,0x0000000771e80000)
 ParOldGen       total 171008K, used 24K [0x00000006c6200000, 0x00000006d0900000, 0x000000076cb80000)
  object space 171008K, 0% used [0x00000006c6200000,0x00000006c6206000,0x00000006d0900000)
 Metaspace       used 16171K, capacity 16420K, committed 16640K, reserved 1064960K
  class space    used 1901K, capacity 2008K, committed 2048K, reserved 1048576K
Event: 522,504 GC heap after
Heap after GC invocations=2 (full 0):
 PSYoungGen      total 74752K, used 8708K [0x000000076cb80000, 0x0000000771e80000, 0x00000007c0000000)
  eden space 64512K, 0% used [0x000000076cb80000,0x000000076cb80000,0x0000000770a80000)
  from space 10240K, 85% used [0x0000000771480000,0x0000000771d01348,0x0000000771e80000)
  to   space 10240K, 0% used [0x0000000770a80000,0x0000000770a80000,0x0000000771480000)
 ParOldGen       total 171008K, used 160K [0x00000006c6200000, 0x00000006d0900000, 0x000000076cb80000)
  object space 171008K, 0% used [0x00000006c6200000,0x00000006c6228010,0x00000006d0900000)
 Metaspace       used 16171K, capacity 16420K, committed 16640K, reserved 1064960K
  class space    used 1901K, capacity 2008K, committed 2048K, reserved 1048576K
}

